Traceback (most recent call last):
  File "C:\Users\Emmy\AppData\Roaming\Python\Python312\site-packages\sqlalchemy\sql\sqltypes.py", line 1709, in _object_value_for_elem
    return self._object_lookup[elem]  # type: ignore[return-value]
           ~~~~~~~~~~~~~~~~~~~^^^^^^
KeyError: 'approved'

The above exception was the direct cause of the following exception:

Traceback (most recent call last):
  File "e:\New folder\backend\run.py", line 3, in <module>
    app = create_app()
          ^^^^^^^^^^^^
  File "e:\New folder\backend\app\__init__.py", line 96, in create_app
    superadmin_user = User.query.filter_by(username='superadmin').first()
                      ^^^^^^^^^^^^^^^^^^^^^^^^^^^^^^^^^^^^^^^^^^^^^^^^^^^
  File "C:\Users\Emmy\AppData\Roaming\Python\Python312\site-packages\sqlalchemy\orm\query.py", line 2759, in first
    return self.limit(1)._iter().first()  # type: ignore
           ^^^^^^^^^^^^^^^^^^^^^^^^^^^^^
  File "C:\Users\Emmy\AppData\Roaming\Python\Python312\site-packages\sqlalchemy\engine\result.py", line 1791, in first
    return self._only_one_row(
           ^^^^^^^^^^^^^^^^^^^
  File "C:\Users\Emmy\AppData\Roaming\Python\Python312\site-packages\sqlalchemy\engine\result.py", line 757, in _only_one_row
    row: Optional[_InterimRowType[Any]] = onerow(hard_close=True)
                                          ^^^^^^^^^^^^^^^^^^^^^^^
  File "C:\Users\Emmy\AppData\Roaming\Python\Python312\site-packages\sqlalchemy\engine\result.py", line 1678, in _fetchone_impl
    return self._real_result._fetchone_impl(hard_close=hard_close)
           ^^^^^^^^^^^^^^^^^^^^^^^^^^^^^^^^^^^^^^^^^^^^^^^^^^^^^^^
  File "C:\Users\Emmy\AppData\Roaming\Python\Python312\site-packages\sqlalchemy\engine\result.py", line 2264, in _fetchone_impl
    row = next(self.iterator, _NO_ROW)
          ^^^^^^^^^^^^^^^^^^^^^^^^^^^^
  File "C:\Users\Emmy\AppData\Roaming\Python\Python312\site-packages\sqlalchemy\orm\loading.py", line 220, in chunks
    fetch = cursor._raw_all_rows()
            ^^^^^^^^^^^^^^^^^^^^^^
  File "C:\Users\Emmy\AppData\Roaming\Python\Python312\site-packages\sqlalchemy\engine\result.py", line 541, in _raw_all_rows
    return [make_row(row) for row in rows]
            ^^^^^^^^^^^^^
  File "lib/sqlalchemy/cyextension/resultproxy.pyx", line 22, in sqlalchemy.cyextension.resultproxy.BaseRow.__init__
  File "lib/sqlalchemy/cyextension/resultproxy.pyx", line 79, in sqlalchemy.cyextension.resultproxy._apply_processors
  File "C:\Users\Emmy\AppData\Roaming\Python\Python312\site-packages\sqlalchemy\sql\sqltypes.py", line 1829, in process
    value = self._object_value_for_elem(value)
            ^^^^^^^^^^^^^^^^^^^^^^^^^^^^^^^^^^
  File "C:\Users\Emmy\AppData\Roaming\Python\Python312\site-packages\sqlalchemy\sql\sqltypes.py", line 1711, in _object_value_for_elem
    raise LookupError(
LookupError: 'approved' is not among the defined enum values. Enum name: userapprovalstatus. Possible values: PENDING, APPROVED, REJECTED
