Traceback (most recent call last):
  File "C:\Users\Emmy\AppData\Roaming\Python\Python312\site-packages\sqlalchemy\engine\base.py", line 1967, in _exec_single_context
    self.dialect.do_execute(
  File "C:\Users\Emmy\AppData\Roaming\Python\Python312\site-packages\sqlalchemy\engine\default.py", line 951, in do_execute
    cursor.execute(statement, parameters)
psycopg2.errors.UndefinedColumn: column users.approval_status does not exist
LINE 1: ..._business_id, users.is_active AS users_is_active, users.appr...
                                                             ^


The above exception was the direct cause of the following exception:

Traceback (most recent call last):
  File "e:\New folder\backend\run.py", line 3, in <module>
    app = create_app()
          ^^^^^^^^^^^^
  File "e:\New folder\backend\app\__init__.py", line 96, in create_app
    superadmin_user = User.query.filter_by(username='superadmin').first()
                      ^^^^^^^^^^^^^^^^^^^^^^^^^^^^^^^^^^^^^^^^^^^^^^^^^^^
  File "C:\Users\Emmy\AppData\Roaming\Python\Python312\site-packages\sqlalchemy\orm\query.py", line 2759, in first
    return self.limit(1)._iter().first()  # type: ignore
           ^^^^^^^^^^^^^^^^^^^^^
  File "C:\Users\Emmy\AppData\Roaming\Python\Python312\site-packages\sqlalchemy\orm\query.py", line 2857, in _iter
    result: Union[ScalarResult[_T], Result[_T]] = self.session.execute(
                                                  ^^^^^^^^^^^^^^^^^^^^^
  File "C:\Users\Emmy\AppData\Roaming\Python\Python312\site-packages\sqlalchemy\orm\session.py", line 2365, in execute
    return self._execute_internal(
           ^^^^^^^^^^^^^^^^^^^^^^^
  File "C:\Users\Emmy\AppData\Roaming\Python\Python312\site-packages\sqlalchemy\orm\session.py", line 2251, in _execute_internal
    result: Result[Any] = compile_state_cls.orm_execute_statement(
                          ^^^^^^^^^^^^^^^^^^^^^^^^^^^^^^^^^^^^^^^^
  File "C:\Users\Emmy\AppData\Roaming\Python\Python312\site-packages\sqlalchemy\orm\context.py", line 306, in orm_execute_statement
    result = conn.execute(
             ^^^^^^^^^^^^^
  File "C:\Users\Emmy\AppData\Roaming\Python\Python312\site-packages\sqlalchemy\engine\base.py", line 1419, in execute
    return meth(
           ^^^^^
  File "C:\Users\Emmy\AppData\Roaming\Python\Python312\site-packages\sqlalchemy\sql\elements.py", line 526, in _execute_on_connection
    return connection._execute_clauseelement(
           ^^^^^^^^^^^^^^^^^^^^^^^^^^^^^^^^^^
  File "C:\Users\Emmy\AppData\Roaming\Python\Python312\site-packages\sqlalchemy\engine\base.py", line 1641, in _execute_clauseelement
    ret = self._execute_context(
          ^^^^^^^^^^^^^^^^^^^^^^
  File "C:\Users\Emmy\AppData\Roaming\Python\Python312\site-packages\sqlalchemy\engine\base.py", line 1846, in _execute_context
    return self._exec_single_context(
           ^^^^^^^^^^^^^^^^^^^^^^^^^^
  File "C:\Users\Emmy\AppData\Roaming\Python\Python312\site-packages\sqlalchemy\engine\base.py", line 1986, in _exec_single_context
    self._handle_dbapi_exception(
  File "C:\Users\Emmy\AppData\Roaming\Python\Python312\site-packages\sqlalchemy\engine\base.py", line 2355, in _handle_dbapi_exception
    raise sqlalchemy_exception.with_traceback(exc_info[2]) from e
  File "C:\Users\Emmy\AppData\Roaming\Python\Python312\site-packages\sqlalchemy\engine\base.py", line 1967, in _exec_single_context
    self.dialect.do_execute(
  File "C:\Users\Emmy\AppData\Roaming\Python\Python312\site-packages\sqlalchemy\engine\default.py", line 951, in do_execute
    cursor.execute(statement, parameters)
sqlalchemy.exc.ProgrammingError: (psycopg2.errors.UndefinedColumn) column users.approval_status does not exist
LINE 1: ..._business_id, users.is_active AS users_is_active, users.appr...
                                                             ^

[SQL: SELECT users.id AS users_id, users.username AS users_username, users.email AS users_email, users.password_hash AS users_password_hash, users.first_name AS users_first_name, users.last_name AS users_last_name, users.phone AS users_phone, users.role AS users_role, users.business_id AS users_business_id, users.is_active AS users_is_active, users.approval_status AS users_approval_status, users.approved_by AS users_approved_by, users.approved_at AS users_approved_at, users.created_at AS users_created_at, users.updated_at AS users_updated_at 
FROM users 
WHERE users.username = %(username_1)s 
 LIMIT %(param_1)s]
[parameters: {'username_1': 'superadmin', 'param_1': 1}]
(Background on this error at: https://sqlalche.me/e/20/f405)
