Traceback (most recent call last):
  File "C:\Users\Emmy\AppData\Roaming\Python\Python312\site-packages\sqlalchemy\engine\base.py", line 1967, in _exec_single_context
    self.dialect.do_execute(
  File "C:\Users\Emmy\AppData\Roaming\Python\Python312\site-packages\sqlalchemy\engine\default.py", line 951, in do_execute
    cursor.execute(statement, parameters)
psycopg2.errors.InvalidTextRepresentation: invalid input value for enum userrole: "SUPERADMIN"
LINE 1: UPDATE users SET role='SUPERADMIN', updated_at='2026-01-05T0...
                              ^


The above exception was the direct cause of the following exception:

Traceback (most recent call last):
  File "E:\New folder\backend\setup_superadmin.py", line 10, in <module>
    db.session.commit()
  File "C:\Users\Emmy\AppData\Roaming\Python\Python312\site-packages\sqlalchemy\orm\scoping.py", line 599, in commit
    return self._proxied.commit()
           ^^^^^^^^^^^^^^^^^^^^^^
  File "C:\Users\Emmy\AppData\Roaming\Python\Python312\site-packages\sqlalchemy\orm\session.py", line 2032, in commit
    trans.commit(_to_root=True)
  File "<string>", line 2, in commit
  File "C:\Users\Emmy\AppData\Roaming\Python\Python312\site-packages\sqlalchemy\orm\state_changes.py", line 137, in _go
    ret_value = fn(self, *arg, **kw)
                ^^^^^^^^^^^^^^^^^^^^
  File "C:\Users\Emmy\AppData\Roaming\Python\Python312\site-packages\sqlalchemy\orm\session.py", line 1313, in commit
    self._prepare_impl()
  File "<string>", line 2, in _prepare_impl
  File "C:\Users\Emmy\AppData\Roaming\Python\Python312\site-packages\sqlalchemy\orm\state_changes.py", line 137, in _go
    ret_value = fn(self, *arg, **kw)
                ^^^^^^^^^^^^^^^^^^^^
  File "C:\Users\Emmy\AppData\Roaming\Python\Python312\site-packages\sqlalchemy\orm\session.py", line 1288, in _prepare_impl
    self.session.flush()
  File "C:\Users\Emmy\AppData\Roaming\Python\Python312\site-packages\sqlalchemy\orm\session.py", line 4345, in flush
    self._flush(objects)
  File "C:\Users\Emmy\AppData\Roaming\Python\Python312\site-packages\sqlalchemy\orm\session.py", line 4480, in _flush
    with util.safe_reraise():
  File "C:\Users\Emmy\AppData\Roaming\Python\Python312\site-packages\sqlalchemy\util\langhelpers.py", line 224, in __exit__
    raise exc_value.with_traceback(exc_tb)
  File "C:\Users\Emmy\AppData\Roaming\Python\Python312\site-packages\sqlalchemy\orm\session.py", line 4441, in _flush
    flush_context.execute()
  File "C:\Users\Emmy\AppData\Roaming\Python\Python312\site-packages\sqlalchemy\orm\unitofwork.py", line 466, in execute
    rec.execute(self)
  File "C:\Users\Emmy\AppData\Roaming\Python\Python312\site-packages\sqlalchemy\orm\unitofwork.py", line 642, in execute
    util.preloaded.orm_persistence.save_obj(
  File "C:\Users\Emmy\AppData\Roaming\Python\Python312\site-packages\sqlalchemy\orm\persistence.py", line 85, in save_obj
    _emit_update_statements(
  File "C:\Users\Emmy\AppData\Roaming\Python\Python312\site-packages\sqlalchemy\orm\persistence.py", line 912, in _emit_update_statements
    c = connection.execute(
        ^^^^^^^^^^^^^^^^^^^
  File "C:\Users\Emmy\AppData\Roaming\Python\Python312\site-packages\sqlalchemy\engine\base.py", line 1419, in execute
    return meth(
           ^^^^^
  File "C:\Users\Emmy\AppData\Roaming\Python\Python312\site-packages\sqlalchemy\sql\elements.py", line 526, in _execute_on_connection
    return connection._execute_clauseelement(
           ^^^^^^^^^^^^^^^^^^^^^^^^^^^^^^^^^^
  File "C:\Users\Emmy\AppData\Roaming\Python\Python312\site-packages\sqlalchemy\engine\base.py", line 1641, in _execute_clauseelement
    ret = self._execute_context(
          ^^^^^^^^^^^^^^^^^^^^^^
  File "C:\Users\Emmy\AppData\Roaming\Python\Python312\site-packages\sqlalchemy\engine\base.py", line 1846, in _execute_context
    return self._exec_single_context(
           ^^^^^^^^^^^^^^^^^^^^^^^^^^
  File "C:\Users\Emmy\AppData\Roaming\Python\Python312\site-packages\sqlalchemy\engine\base.py", line 1986, in _exec_single_context
    self._handle_dbapi_exception(
  File "C:\Users\Emmy\AppData\Roaming\Python\Python312\site-packages\sqlalchemy\engine\base.py", line 2355, in _handle_dbapi_exception
    raise sqlalchemy_exception.with_traceback(exc_info[2]) from e
  File "C:\Users\Emmy\AppData\Roaming\Python\Python312\site-packages\sqlalchemy\engine\base.py", line 1967, in _exec_single_context
    self.dialect.do_execute(
  File "C:\Users\Emmy\AppData\Roaming\Python\Python312\site-packages\sqlalchemy\engine\default.py", line 951, in do_execute
    cursor.execute(statement, parameters)
sqlalchemy.exc.DataError: (psycopg2.errors.InvalidTextRepresentation) invalid input value for enum userrole: "SUPERADMIN"
LINE 1: UPDATE users SET role='SUPERADMIN', updated_at='2026-01-05T0...
                              ^

[SQL: UPDATE users SET role=%(role)s, updated_at=%(updated_at)s WHERE users.id = %(users_id)s]
[parameters: {'role': 'SUPERADMIN', 'updated_at': datetime.datetime(2026, 1, 5, 9, 36, 6, 858926), 'users_id': 1}]
(Background on this error at: https://sqlalche.me/e/20/9h9h)
